<?xml version="1.0" encoding="UTF-8" ?>
<testsuite failures="0" time="0.046" errors="0" skipped="0" tests="10" name="info.bliki.wiki.filter.PreFilterTest">
  <properties>
[...]
</properties>
  <testcase time="0" classname="info.bliki.wiki.filter.PreFilterTest" name="testPre4"/>
  <testcase time="0" classname="info.bliki.wiki.filter.PreFilterTest" name="testPre5"/>
  <testcase time="0" classname="info.bliki.wiki.filter.PreFilterTest" name="testPre6"/>
  <testcase time="0" classname="info.bliki.wiki.filter.PreFilterTest" name="testPre7"/>
  <testcase time="0" classname="info.bliki.wiki.filter.PreFilterTest" name="testPre8"/>
  <testcase time="0" classname="info.bliki.wiki.filter.PreFilterTest" name="testPre0"/>
  <testcase time="0" classname="info.bliki.wiki.filter.PreFilterTest" name="testPre1"/>
  <testcase time="0" classname="info.bliki.wiki.filter.PreFilterTest" name="testPre3"/>
  <testcase time="0" classname="info.bliki.wiki.filter.PreFilterTest" name="testPre2"/>
  <testcase time="0.015" classname="info.bliki.wiki.filter.PreFilterTest" name="testPre10"/>
</testsuite>