<?xml version="1.0" encoding="UTF-8" ?>
<testsuite failures="0" time="1.093" errors="0" skipped="0" tests="136" name="info.bliki.wiki.filter.TemplateParserTest">
  <properties>
[...]
</properties>
  <testcase time="0.015" classname="info.bliki.wiki.filter.TemplateParserTest" name="test001"/>
  <testcase time="0" classname="info.bliki.wiki.filter.TemplateParserTest" name="test002"/>
  <testcase time="0.016" classname="info.bliki.wiki.filter.TemplateParserTest" name="test003"/>
  <testcase time="0" classname="info.bliki.wiki.filter.TemplateParserTest" name="testTemplate06"/>
  <testcase time="0" classname="info.bliki.wiki.filter.TemplateParserTest" name="testTemplateCall3"/>
  <testcase time="0" classname="info.bliki.wiki.filter.TemplateParserTest" name="testSwitch001"/>
  <testcase time="0" classname="info.bliki.wiki.filter.TemplateParserTest" name="testNonExistentTemplate"/>
  <testcase time="0" classname="info.bliki.wiki.filter.TemplateParserTest" name="testTemplateCall1"/>
  <testcase time="0" classname="info.bliki.wiki.filter.TemplateParserTest" name="testTemplateCall2"/>
  <testcase time="0" classname="info.bliki.wiki.filter.TemplateParserTest" name="testTemplateCall4"/>
  <testcase time="0" classname="info.bliki.wiki.filter.TemplateParserTest" name="testTemplateCall5"/>
  <testcase time="0" classname="info.bliki.wiki.filter.TemplateParserTest" name="testTemplateImage1"/>
  <testcase time="0" classname="info.bliki.wiki.filter.TemplateParserTest" name="testTemplateParameter01"/>
  <testcase time="0.016" classname="info.bliki.wiki.filter.TemplateParserTest" name="testTemplateParameter02"/>
  <testcase time="0" classname="info.bliki.wiki.filter.TemplateParserTest" name="testTemplateParameter03"/>
  <testcase time="0" classname="info.bliki.wiki.filter.TemplateParserTest" name="testTemplate07"/>
  <testcase time="0" classname="info.bliki.wiki.filter.TemplateParserTest" name="testNestedIf02"/>
  <testcase time="0.015" classname="info.bliki.wiki.filter.TemplateParserTest" name="testPipe001a"/>
  <testcase time="0" classname="info.bliki.wiki.filter.TemplateParserTest" name="testPipe001"/>
  <testcase time="0" classname="info.bliki.wiki.filter.TemplateParserTest" name="testPipe002"/>
  <testcase time="0" classname="info.bliki.wiki.filter.TemplateParserTest" name="testPipe003"/>
  <testcase time="0" classname="info.bliki.wiki.filter.TemplateParserTest" name="testInvalidNoinclude"/>
  <testcase time="0.016" classname="info.bliki.wiki.filter.TemplateParserTest" name="testInvalidIncludeonly"/>
  <testcase time="0" classname="info.bliki.wiki.filter.TemplateParserTest" name="testInvalidOnlyinclude"/>
  <testcase time="0.016" classname="info.bliki.wiki.filter.TemplateParserTest" name="testMONTHNAME"/>
  <testcase time="0.015" classname="info.bliki.wiki.filter.TemplateParserTest" name="testMONTHNUMBER"/>
  <testcase time="0" classname="info.bliki.wiki.filter.TemplateParserTest" name="testIssue77_001"/>
  <testcase time="0.016" classname="info.bliki.wiki.filter.TemplateParserTest" name="testIssue77_002"/>
  <testcase time="0" classname="info.bliki.wiki.filter.TemplateParserTest" name="testIssue82_001"/>
  <testcase time="0" classname="info.bliki.wiki.filter.TemplateParserTest" name="testIssue82_002"/>
  <testcase time="0.016" classname="info.bliki.wiki.filter.TemplateParserTest" name="testIssue82_003"/>
  <testcase time="0.015" classname="info.bliki.wiki.filter.TemplateParserTest" name="testTemplateMain"/>
  <testcase time="0.016" classname="info.bliki.wiki.filter.TemplateParserTest" name="testTemplateSeeAlso"/>
  <testcase time="0.156" classname="info.bliki.wiki.filter.TemplateParserTest" name="testTemplateNavbox"/>
  <testcase time="0.016" classname="info.bliki.wiki.filter.TemplateParserTest" name="testTemplateNavbar"/>
  <testcase time="0.015" classname="info.bliki.wiki.filter.TemplateParserTest" name="testSortnameDemo001"/>
  <testcase time="0" classname="info.bliki.wiki.filter.TemplateParserTest" name="testNoincludeDemo001"/>
  <testcase time="0" classname="info.bliki.wiki.filter.TemplateParserTest" name="testNoincludeDemo002"/>
  <testcase time="0" classname="info.bliki.wiki.filter.TemplateParserTest" name="testOnlyicludeDemo001"/>
  <testcase time="0.016" classname="info.bliki.wiki.filter.TemplateParserTest" name="testOnlyicludeDemo002"/>
  <testcase time="0" classname="info.bliki.wiki.filter.TemplateParserTest" name="testOnlyicludeDemo003"/>
  <testcase time="0" classname="info.bliki.wiki.filter.TemplateParserTest" name="testOnlyicludeDemo004"/>
  <testcase time="0" classname="info.bliki.wiki.filter.TemplateParserTest" name="testInclude"/>
  <testcase time="0" classname="info.bliki.wiki.filter.TemplateParserTest" name="testInclude2"/>
  <testcase time="0" classname="info.bliki.wiki.filter.TemplateParserTest" name="testInclude3"/>
  <testcase time="0" classname="info.bliki.wiki.filter.TemplateParserTest" name="testInclude4"/>
  <testcase time="0.015" classname="info.bliki.wiki.filter.TemplateParserTest" name="test00"/>
  <testcase time="0.016" classname="info.bliki.wiki.filter.TemplateParserTest" name="test000"/>
  <testcase time="0.015" classname="info.bliki.wiki.filter.TemplateParserTest" name="test004"/>
  <testcase time="0.032" classname="info.bliki.wiki.filter.TemplateParserTest" name="test005"/>
  <testcase time="0.015" classname="info.bliki.wiki.filter.TemplateParserTest" name="test006"/>
  <testcase time="0.016" classname="info.bliki.wiki.filter.TemplateParserTest" name="test010"/>
  <testcase time="0" classname="info.bliki.wiki.filter.TemplateParserTest" name="testIf00"/>
  <testcase time="0" classname="info.bliki.wiki.filter.TemplateParserTest" name="testIf01"/>
  <testcase time="0" classname="info.bliki.wiki.filter.TemplateParserTest" name="testIf02"/>
  <testcase time="0" classname="info.bliki.wiki.filter.TemplateParserTest" name="testIf03"/>
  <testcase time="0" classname="info.bliki.wiki.filter.TemplateParserTest" name="testIf04"/>
  <testcase time="0" classname="info.bliki.wiki.filter.TemplateParserTest" name="testIfeq01"/>
  <testcase time="0" classname="info.bliki.wiki.filter.TemplateParserTest" name="testIfeq02"/>
  <testcase time="0" classname="info.bliki.wiki.filter.TemplateParserTest" name="testIfeq03"/>
  <testcase time="0" classname="info.bliki.wiki.filter.TemplateParserTest" name="testIf05"/>
  <testcase time="0" classname="info.bliki.wiki.filter.TemplateParserTest" name="testIf06"/>
  <testcase time="0" classname="info.bliki.wiki.filter.TemplateParserTest" name="testIfexpr01"/>
  <testcase time="0" classname="info.bliki.wiki.filter.TemplateParserTest" name="testIfexpr02"/>
  <testcase time="0.015" classname="info.bliki.wiki.filter.TemplateParserTest" name="testIfexpr03"/>
  <testcase time="0" classname="info.bliki.wiki.filter.TemplateParserTest" name="testBORN_DATA"/>
  <testcase time="0.016" classname="info.bliki.wiki.filter.TemplateParserTest" name="testAnarchismSidebar"/>
  <testcase time="0" classname="info.bliki.wiki.filter.TemplateParserTest" name="testTemplateParameter04"/>
  <testcase time="0" classname="info.bliki.wiki.filter.TemplateParserTest" name="testTemplateParameter05"/>
  <testcase time="0" classname="info.bliki.wiki.filter.TemplateParserTest" name="testNestedTemplate"/>
  <testcase time="0.25" classname="info.bliki.wiki.filter.TemplateParserTest" name="testEndlessRecursion"/>
  <testcase time="0.016" classname="info.bliki.wiki.filter.TemplateParserTest" name="testNestedIf01"/>
  <testcase time="0" classname="info.bliki.wiki.filter.TemplateParserTest" name="testNestedIf03"/>
  <testcase time="0" classname="info.bliki.wiki.filter.TemplateParserTest" name="testNestedIf04"/>
  <testcase time="0" classname="info.bliki.wiki.filter.TemplateParserTest" name="testSwitch002"/>
  <testcase time="0.016" classname="info.bliki.wiki.filter.TemplateParserTest" name="testSwitch003"/>
  <testcase time="0" classname="info.bliki.wiki.filter.TemplateParserTest" name="testSwitch004"/>
  <testcase time="0" classname="info.bliki.wiki.filter.TemplateParserTest" name="testSwitch005"/>
  <testcase time="0" classname="info.bliki.wiki.filter.TemplateParserTest" name="testSwitch006"/>
  <testcase time="0" classname="info.bliki.wiki.filter.TemplateParserTest" name="testSwitch007"/>
  <testcase time="0" classname="info.bliki.wiki.filter.TemplateParserTest" name="testSwitch008"/>
  <testcase time="0.015" classname="info.bliki.wiki.filter.TemplateParserTest" name="testSwitch009"/>
  <testcase time="0" classname="info.bliki.wiki.filter.TemplateParserTest" name="testSwitch010"/>
  <testcase time="0" classname="info.bliki.wiki.filter.TemplateParserTest" name="testExpr001"/>
  <testcase time="0.016" classname="info.bliki.wiki.filter.TemplateParserTest" name="testExpr002"/>
  <testcase time="0" classname="info.bliki.wiki.filter.TemplateParserTest" name="testExpr003"/>
  <testcase time="0" classname="info.bliki.wiki.filter.TemplateParserTest" name="testExpr004"/>
  <testcase time="0" classname="info.bliki.wiki.filter.TemplateParserTest" name="testExpr005"/>
  <testcase time="0" classname="info.bliki.wiki.filter.TemplateParserTest" name="testExpr006"/>
  <testcase time="0" classname="info.bliki.wiki.filter.TemplateParserTest" name="testExpr007"/>
  <testcase time="0.016" classname="info.bliki.wiki.filter.TemplateParserTest" name="testExpr008"/>
  <testcase time="0" classname="info.bliki.wiki.filter.TemplateParserTest" name="testExpr009"/>
  <testcase time="0" classname="info.bliki.wiki.filter.TemplateParserTest" name="testExpr010"/>
  <testcase time="0" classname="info.bliki.wiki.filter.TemplateParserTest" name="testExpr011"/>
  <testcase time="0" classname="info.bliki.wiki.filter.TemplateParserTest" name="testExpr012"/>
  <testcase time="0.015" classname="info.bliki.wiki.filter.TemplateParserTest" name="testExpr013"/>
  <testcase time="0" classname="info.bliki.wiki.filter.TemplateParserTest" name="testExpr014"/>
  <testcase time="0.016" classname="info.bliki.wiki.filter.TemplateParserTest" name="testFormatnum001"/>
  <testcase time="0" classname="info.bliki.wiki.filter.TemplateParserTest" name="testFormatnum002"/>
  <testcase time="0" classname="info.bliki.wiki.filter.TemplateParserTest" name="testPlural001"/>
  <testcase time="0.015" classname="info.bliki.wiki.filter.TemplateParserTest" name="testExpr015"/>
  <testcase time="0" classname="info.bliki.wiki.filter.TemplateParserTest" name="testExpr016"/>
  <testcase time="0.016" classname="info.bliki.wiki.filter.TemplateParserTest" name="testExpr017"/>
  <testcase time="0" classname="info.bliki.wiki.filter.TemplateParserTest" name="testExpr018"/>
  <testcase time="0" classname="info.bliki.wiki.filter.TemplateParserTest" name="testExpr019"/>
  <testcase time="0" classname="info.bliki.wiki.filter.TemplateParserTest" name="testExpr020"/>
  <testcase time="0.015" classname="info.bliki.wiki.filter.TemplateParserTest" name="testNS001"/>
  <testcase time="0" classname="info.bliki.wiki.filter.TemplateParserTest" name="testNAMESPACE001"/>
  <testcase time="0" classname="info.bliki.wiki.filter.TemplateParserTest" name="testURLEncode001"/>
  <testcase time="0.016" classname="info.bliki.wiki.filter.TemplateParserTest" name="testPadleft001"/>
  <testcase time="0" classname="info.bliki.wiki.filter.TemplateParserTest" name="testPadright001"/>
  <testcase time="0" classname="info.bliki.wiki.filter.TemplateParserTest" name="testTime001"/>
  <testcase time="0" classname="info.bliki.wiki.filter.TemplateParserTest" name="testTag001"/>
  <testcase time="0" classname="info.bliki.wiki.filter.TemplateParserTest" name="testMagicCURRENTYEAR"/>
  <testcase time="0.016" classname="info.bliki.wiki.filter.TemplateParserTest" name="testMagicPAGENAME01"/>
  <testcase time="0" classname="info.bliki.wiki.filter.TemplateParserTest" name="testMagicPAGENAME02"/>
  <testcase time="0" classname="info.bliki.wiki.filter.TemplateParserTest" name="testMagicTALKPAGENAME01"/>
  <testcase time="0.015" classname="info.bliki.wiki.filter.TemplateParserTest" name="testMagicTALKPAGENAME02"/>
  <testcase time="0" classname="info.bliki.wiki.filter.TemplateParserTest" name="testMagicTALKPAGENAME03"/>
  <testcase time="0" classname="info.bliki.wiki.filter.TemplateParserTest" name="testTemplateSwitch"/>
  <testcase time="0" classname="info.bliki.wiki.filter.TemplateParserTest" name="testTitleparts000"/>
  <testcase time="0" classname="info.bliki.wiki.filter.TemplateParserTest" name="testTitleparts001"/>
  <testcase time="0" classname="info.bliki.wiki.filter.TemplateParserTest" name="testTitleparts002"/>
  <testcase time="0.016" classname="info.bliki.wiki.filter.TemplateParserTest" name="testTitleparts003"/>
  <testcase time="0" classname="info.bliki.wiki.filter.TemplateParserTest" name="testTitleparts004"/>
  <testcase time="0" classname="info.bliki.wiki.filter.TemplateParserTest" name="testTitleparts005"/>
  <testcase time="0" classname="info.bliki.wiki.filter.TemplateParserTest" name="testTitleparts006"/>
  <testcase time="0" classname="info.bliki.wiki.filter.TemplateParserTest" name="testTitleparts007"/>
  <testcase time="0" classname="info.bliki.wiki.filter.TemplateParserTest" name="testTitleparts008"/>
  <testcase time="0" classname="info.bliki.wiki.filter.TemplateParserTest" name="testTitleparts06"/>
  <testcase time="0.015" classname="info.bliki.wiki.filter.TemplateParserTest" name="testTitleparts07"/>
  <testcase time="0" classname="info.bliki.wiki.filter.TemplateParserTest" name="testTitleparts08"/>
  <testcase time="0" classname="info.bliki.wiki.filter.TemplateParserTest" name="testTitleparts09"/>
  <testcase time="0" classname="info.bliki.wiki.filter.TemplateParserTest" name="testIssue81_001"/>
  <testcase time="0" classname="info.bliki.wiki.filter.TemplateParserTest" name="testIssue81_002"/>
  <testcase time="0" classname="info.bliki.wiki.filter.TemplateParserTest" name="testIssue82_004"/>
</testsuite>